1531611046823	geckodriver	INFO	geckodriver 0.19.1
1531611046837	geckodriver	INFO	Listening on 127.0.0.1:51247
1531611048109	mozrunner::runner	INFO	Running command: "/Applications/Firefox.app/Contents/MacOS/firefox-bin" "-marionette" "-profile" "/var/folders/jp/s0fbpt254qs93ypz21xhvrsc0000gn/T/rust_mozprofile.SSfeheSZYYJT"
2018-07-15 07:30:51.410 plugin-container[21789:304394] *** CFMessagePort: bootstrap_register(): failed 1100 (0x44c) 'Permission denied', port = 0x863f, name = 'com.apple.tsm.portname'
See /usr/include/servers/bootstrap_defs.h for the error codes.
1531611052332	Marionette	INFO	Listening on port 51254
1531611052470	Marionette	WARN	TLS certificate errors will be ignored for this session
2018-07-15 07:30:52.569 plugin-container[21792:304479] *** CFMessagePort: bootstrap_register(): failed 1100 (0x44c) 'Permission denied', port = 0x7347, name = 'com.apple.tsm.portname'
See /usr/include/servers/bootstrap_defs.h for the error codes.
2018-07-15 07:30:58.530 plugin-container[21789:304396] NSNotificationCenter connection invalid
1531611083884	geckodriver	INFO	geckodriver 0.19.1
1531611083901	geckodriver	INFO	Listening on 127.0.0.1:51440
1531611085008	mozrunner::runner	INFO	Running command: "/Applications/Firefox.app/Contents/MacOS/firefox-bin" "-marionette" "-profile" "/var/folders/jp/s0fbpt254qs93ypz21xhvrsc0000gn/T/rust_mozprofile.KVQrLIXW5VMD"
2018-07-15 07:31:27.393 plugin-container[21832:305046] *** CFMessagePort: bootstrap_register(): failed 1100 (0x44c) 'Permission denied', port = 0x8b03, name = 'com.apple.tsm.portname'
See /usr/include/servers/bootstrap_defs.h for the error codes.
2018-07-15 07:31:28.188 plugin-container[21833:305198] *** CFMessagePort: bootstrap_register(): failed 1100 (0x44c) 'Permission denied', port = 0x7f3f, name = 'com.apple.tsm.portname'
See /usr/include/servers/bootstrap_defs.h for the error codes.
1531611088434	Marionette	INFO	Listening on port 51447
1531611088501	Marionette	WARN	TLS certificate errors will be ignored for this session
2018-07-15 07:31:35.364 plugin-container[21832:305057] NSNotificationCenter connection invalid
1531611096812	geckodriver	INFO	geckodriver 0.19.1
1531611096826	geckodriver	INFO	Listening on 127.0.0.1:51612
1531611097927	mozrunner::runner	INFO	Running command: "/Applications/Firefox.app/Contents/MacOS/firefox-bin" "-marionette" "-profile" "/var/folders/jp/s0fbpt254qs93ypz21xhvrsc0000gn/T/rust_mozprofile.XIowolEEBCUj"
2018-07-15 07:32:25.228 plugin-container[21885:306455] *** CFMessagePort: bootstrap_register(): failed 1100 (0x44c) 'Permission denied', port = 0x813f, name = 'com.apple.tsm.portname'
See /usr/include/servers/bootstrap_defs.h for the error codes.
1531611161561	geckodriver	INFO	geckodriver 0.19.1
1531611161571	geckodriver	INFO	Listening on 127.0.0.1:51675
1531611162673	mozrunner::runner	INFO	Running command: "/Applications/Firefox.app/Contents/MacOS/firefox-bin" "-marionette" "-profile" "/var/folders/jp/s0fbpt254qs93ypz21xhvrsc0000gn/T/rust_mozprofile.9PyjwoHWkv3N"
2018-07-15 07:32:44.418 plugin-container[21910:306821] *** CFMessagePort: bootstrap_register(): failed 1100 (0x44c) 'Permission denied', port = 0x8c43, name = 'com.apple.tsm.portname'
See /usr/include/servers/bootstrap_defs.h for the error codes.
1531611165049	Marionette	INFO	Listening on port 51682
1531611165084	Marionette	WARN	TLS certificate errors will be ignored for this session
2018-07-15 07:32:45.600 plugin-container[21911:306890] *** CFMessagePort: bootstrap_register(): failed 1100 (0x44c) 'Permission denied', port = 0x8e3f, name = 'com.apple.tsm.portname'
See /usr/include/servers/bootstrap_defs.h for the error codes.
2018-07-15 07:32:50.345 plugin-container[21910:306831] NSNotificationCenter connection invalid
1531611178369	geckodriver	INFO	geckodriver 0.19.1
1531611178376	geckodriver	INFO	Listening on 127.0.0.1:51826
1531611179472	mozrunner::runner	INFO	Running command: "/Applications/Firefox.app/Contents/MacOS/firefox-bin" "-marionette" "-profile" "/var/folders/jp/s0fbpt254qs93ypz21xhvrsc0000gn/T/rust_mozprofile.oYy9MoSvj2pX"
2018-07-15 07:33:01.585 plugin-container[21925:307234] *** CFMessagePort: bootstrap_register(): failed 1100 (0x44c) 'Permission denied', port = 0x7e43, name = 'com.apple.tsm.portname'
See /usr/include/servers/bootstrap_defs.h for the error codes.
1531611182225	Marionette	INFO	Listening on port 51833
1531611182325	Marionette	WARN	TLS certificate errors will be ignored for this session
2018-07-15 07:33:02.863 plugin-container[21926:307326] *** CFMessagePort: bootstrap_register(): failed 1100 (0x44c) 'Permission denied', port = 0x743f, name = 'com.apple.tsm.portname'
See /usr/include/servers/bootstrap_defs.h for the error codes.
[GFX1-]: Receive IPC close with reason=AbnormalShutdown
1531611184335	geckodriver	INFO	geckodriver 0.19.1
1531611184343	geckodriver	INFO	Listening on 127.0.0.1:51905
1531611185438	mozrunner::runner	INFO	Running command: "/Applications/Firefox.app/Contents/MacOS/firefox-bin" "-marionette" "-profile" "/var/folders/jp/s0fbpt254qs93ypz21xhvrsc0000gn/T/rust_mozprofile.6u60clrXIqKt"
2018-07-15 07:33:07.453 plugin-container[21932:307650] *** CFMessagePort: bootstrap_register(): failed 1100 (0x44c) 'Permission denied', port = 0x8907, name = 'com.apple.tsm.portname'
See /usr/include/servers/bootstrap_defs.h for the error codes.
1531611188313	Marionette	INFO	Listening on port 51912
2018-07-15 07:33:08.366 plugin-container[21933:307707] *** CFMessagePort: bootstrap_register(): failed 1100 (0x44c) 'Permission denied', port = 0x873f, name = 'com.apple.tsm.portname'
See /usr/include/servers/bootstrap_defs.h for the error codes.
1531611188433	Marionette	WARN	TLS certificate errors will be ignored for this session
2018-07-15 07:33:18.418 plugin-container[21932:307662] NSNotificationCenter connection invalid
[GFX1-]: Receive IPC close with reason=AbnormalShutdown
[GFX1-]: Receive IPC close with reason=AbnormalShutdown
1531611222598	geckodriver	INFO	geckodriver 0.19.1
1531611222604	geckodriver	INFO	Listening on 127.0.0.1:52092
1531611223725	mozrunner::runner	INFO	Running command: "/Applications/Firefox.app/Contents/MacOS/firefox-bin" "-marionette" "-profile" "/var/folders/jp/s0fbpt254qs93ypz21xhvrsc0000gn/T/rust_mozprofile.ZB8wrQnqqvGx"
2018-07-15 07:33:46.079 plugin-container[21963:308895] *** CFMessagePort: bootstrap_register(): failed 1100 (0x44c) 'Permission denied', port = 0x8607, name = 'com.apple.tsm.portname'
See /usr/include/servers/bootstrap_defs.h for the error codes.
1531611226739	Marionette	INFO	Listening on port 52099
1531611226787	Marionette	WARN	TLS certificate errors will be ignored for this session
2018-07-15 07:33:47.537 plugin-container[21964:309005] *** CFMessagePort: bootstrap_register(): failed 1100 (0x44c) 'Permission denied', port = 0x7847, name = 'com.apple.tsm.portname'
See /usr/include/servers/bootstrap_defs.h for the error codes.
2018-07-15 07:33:57.903 plugin-container[21963:309042] NSNotificationCenter connection invalid
1531611249372	geckodriver	INFO	geckodriver 0.19.1
1531611249389	geckodriver	INFO	Listening on 127.0.0.1:52286
1531611250512	mozrunner::runner	INFO	Running command: "/Applications/Firefox.app/Contents/MacOS/firefox-bin" "-marionette" "-profile" "/var/folders/jp/s0fbpt254qs93ypz21xhvrsc0000gn/T/rust_mozprofile.QcenTT9UqG48"
2018-07-15 07:34:12.377 plugin-container[21983:309913] *** CFMessagePort: bootstrap_register(): failed 1100 (0x44c) 'Permission denied', port = 0x7807, name = 'com.apple.tsm.portname'
See /usr/include/servers/bootstrap_defs.h for the error codes.
1531611252968	Marionette	INFO	Listening on port 52293
1531611253066	Marionette	WARN	TLS certificate errors will be ignored for this session
2018-07-15 07:34:13.669 plugin-container[21985:310006] *** CFMessagePort: bootstrap_register(): failed 1100 (0x44c) 'Permission denied', port = 0x6d3f, name = 'com.apple.tsm.portname'
See /usr/include/servers/bootstrap_defs.h for the error codes.
2018-07-15 07:34:21.471 plugin-container[21983:309915] NSNotificationCenter connection invalid
[GFX1-]: Receive IPC close with reason=AbnormalShutdown

###!!! [Child][MessageChannel] Error: (msgtype=0x4A0008,name=PImageBridge::Msg_PTextureConstructor) Channel error: cannot send/recv

IPDL protocol error: constructor for actor failed
[GFX1-]: Receive IPC close with reason=AbnormalShutdown
1531611270435	geckodriver	INFO	geckodriver 0.19.1
1531611270445	geckodriver	INFO	Listening on 127.0.0.1:52460
1531611271592	mozrunner::runner	INFO	Running command: "/Applications/Firefox.app/Contents/MacOS/firefox-bin" "-marionette" "-profile" "/var/folders/jp/s0fbpt254qs93ypz21xhvrsc0000gn/T/rust_mozprofile.KoKp1eKngT6z"
2018-07-15 07:34:33.967 plugin-container[22003:310678] *** CFMessagePort: bootstrap_register(): failed 1100 (0x44c) 'Permission denied', port = 0x7547, name = 'com.apple.tsm.portname'
See /usr/include/servers/bootstrap_defs.h for the error codes.
1531611274989	Marionette	INFO	Listening on port 52467
1531611275075	Marionette	WARN	TLS certificate errors will be ignored for this session
2018-07-15 07:34:35.233 plugin-container[22004:310751] *** CFMessagePort: bootstrap_register(): failed 1100 (0x44c) 'Permission denied', port = 0x7803, name = 'com.apple.tsm.portname'
See /usr/include/servers/bootstrap_defs.h for the error codes.
2018-07-15 07:34:48.858 plugin-container[22003:310680] NSNotificationCenter connection invalid
IPDL protocol error: Handler returned error code!

###!!! [Parent][DispatchAsyncMessage] Error: PLayerTransaction::Msg_ReleaseLayer Processing error: message was deserialized, but the handler returned false (indicating failure)

IPDL protocol error: Handler returned error code!

###!!! [Parent][DispatchAsyncMessage] Error: PLayerTransaction::Msg_ReleaseLayer Processing error: message was deserialized, but the handler returned false (indicating failure)

IPDL protocol error: Handler returned error code!

###!!! [Parent][DispatchAsyncMessage] Error: PLayerTransaction::Msg_ReleaseLayer Processing error: message was deserialized, but the handler returned false (indicating failure)

IPDL protocol error: Handler returned error code!

###!!! [Parent][DispatchAsyncMessage] Error: PLayerTransaction::Msg_ReleaseLayer Processing error: message was deserialized, but the handler returned false (indicating failure)

IPDL protocol error: Handler returned error code!

###!!! [Parent][DispatchAsyncMessage] Error: PLayerTransaction::Msg_ReleaseLayer Processing error: message was deserialized, but the handler returned false (indicating failure)

IPDL protocol error: Handler returned error code!

###!!! [Parent][DispatchAsyncMessage] Error: PLayerTransaction::Msg_ReleaseLayer Processing error: message was deserialized, but the handler returned false (indicating failure)

1531611386053	geckodriver	INFO	geckodriver 0.19.1
1531611386066	geckodriver	INFO	Listening on 127.0.0.1:52734
1531611386064	geckodriver	INFO	geckodriver 0.19.1
1531611386072	geckodriver	INFO	geckodriver 0.19.1
1531611386072	geckodriver	INFO	geckodriver 0.19.1
1531611386075	geckodriver	INFO	geckodriver 0.19.1
1531611386076	geckodriver	INFO	geckodriver 0.19.1
1531611386093	geckodriver	INFO	Listening on 127.0.0.1:52735
1531611386093	geckodriver	INFO	Listening on 127.0.0.1:52740
1531611386093	geckodriver	INFO	Listening on 127.0.0.1:52741
1531611386093	geckodriver	INFO	Listening on 127.0.0.1:52743
1531611386080	geckodriver	INFO	geckodriver 0.19.1
1531611386092	geckodriver	INFO	geckodriver 0.19.1
1531611386093	geckodriver	INFO	Listening on 127.0.0.1:52742
1531611386105	geckodriver	INFO	Listening on 127.0.0.1:52737
1531611386105	geckodriver	INFO	Listening on 127.0.0.1:52736
1531611386125	geckodriver	INFO	geckodriver 0.19.1
1531611386126	geckodriver	INFO	geckodriver 0.19.1
1531611386157	geckodriver	INFO	Listening on 127.0.0.1:52739
1531611386159	geckodriver	INFO	Listening on 127.0.0.1:52738
1531611386409	mozrunner::runner	INFO	Running command: "/Applications/Firefox.app/Contents/MacOS/firefox-bin" "-marionette" "-profile" "/var/folders/jp/s0fbpt254qs93ypz21xhvrsc0000gn/T/rust_mozprofile.A7HC6vzUpcIw"
1531611386410	mozrunner::runner	INFO	Running command: "/Applications/Firefox.app/Contents/MacOS/firefox-bin" "-marionette" "-profile" "/var/folders/jp/s0fbpt254qs93ypz21xhvrsc0000gn/T/rust_mozprofile.DYtWyeLmgJdJ"
1531611386432	mozrunner::runner	INFO	Running command: "/Applications/Firefox.app/Contents/MacOS/firefox-bin" "-marionette" "-profile" "/var/folders/jp/s0fbpt254qs93ypz21xhvrsc0000gn/T/rust_mozprofile.8YWLh7mF6fnW"
1531611386550	mozrunner::runner	INFO	Running command: "/Applications/Firefox.app/Contents/MacOS/firefox-bin" "-marionette" "-profile" "/var/folders/jp/s0fbpt254qs93ypz21xhvrsc0000gn/T/rust_mozprofile.kVnVBtyc9c0v"
1531611386577	mozrunner::runner	INFO	Running command: "/Applications/Firefox.app/Contents/MacOS/firefox-bin" "-marionette" "-profile" "/var/folders/jp/s0fbpt254qs93ypz21xhvrsc0000gn/T/rust_mozprofile.GTl8lEgwEFis"
1531611386592	mozrunner::runner	INFO	Running command: "/Applications/Firefox.app/Contents/MacOS/firefox-bin" "-marionette" "-profile" "/var/folders/jp/s0fbpt254qs93ypz21xhvrsc0000gn/T/rust_mozprofile.j7bwIwit0hnt"
1531611386618	mozrunner::runner	INFO	Running command: "/Applications/Firefox.app/Contents/MacOS/firefox-bin" "-marionette" "-profile" "/var/folders/jp/s0fbpt254qs93ypz21xhvrsc0000gn/T/rust_mozprofile.XCb3HFB9f7ls"
1531611386629	mozrunner::runner	INFO	Running command: "/Applications/Firefox.app/Contents/MacOS/firefox-bin" "-marionette" "-profile" "/var/folders/jp/s0fbpt254qs93ypz21xhvrsc0000gn/T/rust_mozprofile.ALVSSI9W0FzQ"
1531611386629	mozrunner::runner	INFO	Running command: "/Applications/Firefox.app/Contents/MacOS/firefox-bin" "-marionette" "-profile" "/var/folders/jp/s0fbpt254qs93ypz21xhvrsc0000gn/T/rust_mozprofile.yx3ExFYlE5UF"
1531611386823	mozrunner::runner	INFO	Running command: "/Applications/Firefox.app/Contents/MacOS/firefox-bin" "-marionette" "-profile" "/var/folders/jp/s0fbpt254qs93ypz21xhvrsc0000gn/T/rust_mozprofile.H4Zt8zFNWwJS"
2018-07-15 07:36:38.316 plugin-container[22135:314398] *** CFMessagePort: bootstrap_register(): failed 1100 (0x44c) 'Permission denied', port = 0x8643, name = 'com.apple.tsm.portname'
See /usr/include/servers/bootstrap_defs.h for the error codes.
2018-07-15 07:36:38.917 plugin-container[22139:314406] *** CFMessagePort: bootstrap_register(): failed 1100 (0x44c) 'Permission denied', port = 0x8443, name = 'com.apple.tsm.portname'
See /usr/include/servers/bootstrap_defs.h for the error codes.
2018-07-15 07:36:39.002 plugin-container[22136:314400] *** CFMessagePort: bootstrap_register(): failed 1100 (0x44c) 'Permission denied', port = 0x8833, name = 'com.apple.tsm.portname'
See /usr/include/servers/bootstrap_defs.h for the error codes.
2018-07-15 07:36:39.419 plugin-container[22137:314402] *** CFMessagePort: bootstrap_register(): failed 1100 (0x44c) 'Permission denied', port = 0x8407, name = 'com.apple.tsm.portname'
See /usr/include/servers/bootstrap_defs.h for the error codes.
2018-07-15 07:36:39.427 plugin-container[22141:314410] *** CFMessagePort: bootstrap_register(): failed 1100 (0x44c) 'Permission denied', port = 0x7743, name = 'com.apple.tsm.portname'
See /usr/include/servers/bootstrap_defs.h for the error codes.
2018-07-15 07:36:39.562 plugin-container[22138:314404] *** CFMessagePort: bootstrap_register(): failed 1100 (0x44c) 'Permission denied', port = 0x8747, name = 'com.apple.tsm.portname'
See /usr/include/servers/bootstrap_defs.h for the error codes.
2018-07-15 07:36:39.690 plugin-container[22143:314416] *** CFMessagePort: bootstrap_register(): failed 1100 (0x44c) 'Permission denied', port = 0x8c0f, name = 'com.apple.tsm.portname'
See /usr/include/servers/bootstrap_defs.h for the error codes.
2018-07-15 07:36:39.978 plugin-container[22140:314408] *** CFMessagePort: bootstrap_register(): failed 1100 (0x44c) 'Permission denied', port = 0x8407, name = 'com.apple.tsm.portname'
See /usr/include/servers/bootstrap_defs.h for the error codes.
2018-07-15 07:36:40.275 plugin-container[22144:314428] *** CFMessagePort: bootstrap_register(): failed 1100 (0x44c) 'Permission denied', port = 0x7e03, name = 'com.apple.tsm.portname'
See /usr/include/servers/bootstrap_defs.h for the error codes.
2018-07-15 07:36:40.759 plugin-container[22142:314414] *** CFMessagePort: bootstrap_register(): failed 1100 (0x44c) 'Permission denied', port = 0x8407, name = 'com.apple.tsm.portname'
See /usr/include/servers/bootstrap_defs.h for the error codes.
console.error: "Could not write session state file " (new Error("_initWorker called too early! Please read the session file from disk first.", "resource:///modules/sessionstore/SessionFile.jsm", 337)) "_initWorker/<@resource:///modules/sessionstore/SessionFile.jsm:337:15\n_initWorker@resource:///modules/sessionstore/SessionFile.jsm:330:12\n_postToWorker@resource:///modules/sessionstore/SessionFile.jsm:354:11\nwrite@resource:///modules/sessionstore/SessionFile.jsm:394:19\nwrite@resource:///modules/sessionstore/SessionFile.jsm:66:12\n_writeState@resource:///modules/sessionstore/SessionSaver.jsm:357:12\n_saveState@resource:///modules/sessionstore/SessionSaver.jsm:295:12\n_saveStateAsync@resource:///modules/sessionstore/SessionSaver.jsm:341:5\nsaveStateAsyncWhenIdle@resource:///modules/sessionstore/SessionSaver.jsm:192:9\n"
2018-07-15 07:36:43.149 plugin-container[22148:315084] *** CFMessagePort: bootstrap_register(): failed 1100 (0x44c) 'Permission denied', port = 0x8d03, name = 'com.apple.tsm.portname'
See /usr/include/servers/bootstrap_defs.h for the error codes.
2018-07-15 07:36:43.812 plugin-container[22149:315173] *** CFMessagePort: bootstrap_register(): failed 1100 (0x44c) 'Permission denied', port = 0x6f3f, name = 'com.apple.tsm.portname'
See /usr/include/servers/bootstrap_defs.h for the error codes.
2018-07-15 07:36:44.359 plugin-container[22151:315180] *** CFMessagePort: bootstrap_register(): failed 1100 (0x44c) 'Permission denied', port = 0x873f, name = 'com.apple.tsm.portname'
See /usr/include/servers/bootstrap_defs.h for the error codes.
2018-07-15 07:36:44.363 plugin-container[22152:315182] *** CFMessagePort: bootstrap_register(): failed 1100 (0x44c) 'Permission denied', port = 0x753f, name = 'com.apple.tsm.portname'
See /usr/include/servers/bootstrap_defs.h for the error codes.
2018-07-15 07:36:44.538 plugin-container[22150:315178] *** CFMessagePort: bootstrap_register(): failed 1100 (0x44c) 'Permission denied', port = 0x8b3f, name = 'com.apple.tsm.portname'
See /usr/include/servers/bootstrap_defs.h for the error codes.
2018-07-15 07:36:44.822 plugin-container[22153:315207] *** CFMessagePort: bootstrap_register(): failed 1100 (0x44c) 'Permission denied', port = 0x8e37, name = 'com.apple.tsm.portname'
See /usr/include/servers/bootstrap_defs.h for the error codes.
2018-07-15 07:36:45.318 plugin-container[22154:315208] *** CFMessagePort: bootstrap_register(): failed 1100 (0x44c) 'Permission denied', port = 0x7103, name = 'com.apple.tsm.portname'
See /usr/include/servers/bootstrap_defs.h for the error codes.
2018-07-15 07:36:45.416 plugin-container[22155:315213] *** CFMessagePort: bootstrap_register(): failed 1100 (0x44c) 'Permission denied', port = 0x7a47, name = 'com.apple.tsm.portname'
See /usr/include/servers/bootstrap_defs.h for the error codes.
2018-07-15 07:36:46.129 plugin-container[22156:315331] *** CFMessagePort: bootstrap_register(): failed 1100 (0x44c) 'Permission denied', port = 0x862b, name = 'com.apple.tsm.portname'
See /usr/include/servers/bootstrap_defs.h for the error codes.
1531611406609	Marionette	INFO	Listening on port 52784
1531611406793	Marionette	INFO	Listening on port 52786
1531611406830	Marionette	INFO	Listening on port 52789
1531611406972	Marionette	INFO	Listening on port 52793
1531611407144	Marionette	WARN	TLS certificate errors will be ignored for this session
1531611407247	Marionette	INFO	Listening on port 52794
1531611407321	Marionette	INFO	Listening on port 52791
1531611407435	Marionette	INFO	Listening on port 52823
1531611407629	Marionette	WARN	TLS certificate errors will be ignored for this session
1531611407649	Marionette	INFO	Listening on port 52792
1531611407702	Marionette	WARN	TLS certificate errors will be ignored for this session
1531611407730	Marionette	WARN	TLS certificate errors will be ignored for this session
1531611407735	Marionette	WARN	TLS certificate errors will be ignored for this session
1531611407741	Marionette	INFO	Listening on port 52785
1531611407969	Marionette	INFO	Listening on port 52787
1531611408026	Marionette	WARN	TLS certificate errors will be ignored for this session
1531611408384	Marionette	WARN	TLS certificate errors will be ignored for this session
1531611408461	Marionette	WARN	TLS certificate errors will be ignored for this session
1531611408464	Marionette	WARN	TLS certificate errors will be ignored for this session
1531611408658	Marionette	WARN	TLS certificate errors will be ignored for this session
2018-07-15 07:36:49.891 plugin-container[22157:315582] *** CFMessagePort: bootstrap_register(): failed 1100 (0x44c) 'Permission denied', port = 0x7643, name = 'com.apple.tsm.portname'
See /usr/include/servers/bootstrap_defs.h for the error codes.
2018-07-15 07:37:24.288 plugin-container[22137:316508] NSNotificationCenter connection invalid
[GFX1-]: Receive IPC close with reason=AbnormalShutdown
1531611447450	geckodriver	INFO	geckodriver 0.19.1
1531611447596	geckodriver	INFO	geckodriver 0.19.1
1531611447582	geckodriver	INFO	geckodriver 0.19.1
1531611447884	geckodriver	INFO	Listening on 127.0.0.1:55460
1531611447891	geckodriver	INFO	Listening on 127.0.0.1:55463
1531611447900	geckodriver	INFO	Listening on 127.0.0.1:55457
1531611447688	geckodriver	INFO	geckodriver 0.19.1
1531611447678	geckodriver	INFO	geckodriver 0.19.1
1531611448152	geckodriver	INFO	geckodriver 0.19.1
1531611448184	geckodriver	INFO	Listening on 127.0.0.1:55467
1531611448185	geckodriver	INFO	Listening on 127.0.0.1:55466
1531611448186	geckodriver	INFO	Listening on 127.0.0.1:55465
1531611447963	geckodriver	INFO	geckodriver 0.19.1
1531611448199	geckodriver	INFO	Listening on 127.0.0.1:55468
1531611448011	geckodriver	INFO	geckodriver 0.19.1
1531611448015	geckodriver	INFO	geckodriver 0.19.1
1531611448023	geckodriver	INFO	geckodriver 0.19.1
1531611448385	geckodriver	INFO	Listening on 127.0.0.1:55469
1531611448386	geckodriver	INFO	Listening on 127.0.0.1:55456
1531611448387	geckodriver	INFO	Listening on 127.0.0.1:55462
[GFX1-]: Receive IPC close with reason=AbnormalShutdown
[Child 22135, Chrome_ChildThread] WARNING: pipe error: Broken pipe: file /builds/worker/workspace/build/src/ipc/chromium/src/chrome/common/ipc_channel_posix.cc, line 709
[GFX1-]: Receive IPC close with reason=AbnormalShutdown
[GFX1-]: Receive IPC close with reason=AbnormalShutdown
[GFX1-]: Receive IPC close with reason=AbnormalShutdown
[Child 22139, Chrome_ChildThread] WARNING: pipe error: Broken pipe: file /builds/worker/workspace/build/src/ipc/chromium/src/chrome/common/ipc_channel_posix.cc, line 709
1531611449160	mozrunner::runner	INFO	Running command: "/Applications/Firefox.app/Contents/MacOS/firefox-bin" "-marionette" "-profile" "/var/folders/jp/s0fbpt254qs93ypz21xhvrsc0000gn/T/rust_mozprofile.CQFAWeMAakCl"
1531611449172	mozrunner::runner	INFO	Running command: "/Applications/Firefox.app/Contents/MacOS/firefox-bin" "-marionette" "-profile" "/var/folders/jp/s0fbpt254qs93ypz21xhvrsc0000gn/T/rust_mozprofile.ctJbDjTnrCdZ"
1531611449265	mozrunner::runner	INFO	Running command: "/Applications/Firefox.app/Contents/MacOS/firefox-bin" "-marionette" "-profile" "/var/folders/jp/s0fbpt254qs93ypz21xhvrsc0000gn/T/rust_mozprofile.T0QRfFclMo5R"
1531611449290	mozrunner::runner	INFO	Running command: "/Applications/Firefox.app/Contents/MacOS/firefox-bin" "-marionette" "-profile" "/var/folders/jp/s0fbpt254qs93ypz21xhvrsc0000gn/T/rust_mozprofile.sz5ztbfSkl4d"
1531611449297	mozrunner::runner	INFO	Running command: "/Applications/Firefox.app/Contents/MacOS/firefox-bin" "-marionette" "-profile" "/var/folders/jp/s0fbpt254qs93ypz21xhvrsc0000gn/T/rust_mozprofile.BGFY2QBQVDLr"
1531611449306	mozrunner::runner	INFO	Running command: "/Applications/Firefox.app/Contents/MacOS/firefox-bin" "-marionette" "-profile" "/var/folders/jp/s0fbpt254qs93ypz21xhvrsc0000gn/T/rust_mozprofile.UlmfKGbkadDR"
1531611449394	mozrunner::runner	INFO	Running command: "/Applications/Firefox.app/Contents/MacOS/firefox-bin" "-marionette" "-profile" "/var/folders/jp/s0fbpt254qs93ypz21xhvrsc0000gn/T/rust_mozprofile.Is89BVjwWm67"
1531611449409	mozrunner::runner	INFO	Running command: "/Applications/Firefox.app/Contents/MacOS/firefox-bin" "-marionette" "-profile" "/var/folders/jp/s0fbpt254qs93ypz21xhvrsc0000gn/T/rust_mozprofile.PMbYo3CacjeZ"
2018-07-15 07:37:37.659 plugin-container[22197:317532] *** CFMessagePort: bootstrap_register(): failed 1100 (0x44c) 'Permission denied', port = 0x7703, name = 'com.apple.tsm.portname'
See /usr/include/servers/bootstrap_defs.h for the error codes.
2018-07-15 07:37:37.791 plugin-container[22200:317542] *** CFMessagePort: bootstrap_register(): failed 1100 (0x44c) 'Permission denied', port = 0x783f, name = 'com.apple.tsm.portname'
See /usr/include/servers/bootstrap_defs.h for the error codes.
2018-07-15 07:37:37.821 plugin-container[22198:317534] *** CFMessagePort: bootstrap_register(): failed 1100 (0x44c) 'Permission denied', port = 0x8947, name = 'com.apple.tsm.portname'
See /usr/include/servers/bootstrap_defs.h for the error codes.
2018-07-15 07:37:37.891 plugin-container[22199:317540] *** CFMessagePort: bootstrap_register(): failed 1100 (0x44c) 'Permission denied', port = 0x7343, name = 'com.apple.tsm.portname'
See /usr/include/servers/bootstrap_defs.h for the error codes.
2018-07-15 07:37:37.969 plugin-container[22201:317544] *** CFMessagePort: bootstrap_register(): failed 1100 (0x44c) 'Permission denied', port = 0x8243, name = 'com.apple.tsm.portname'
See /usr/include/servers/bootstrap_defs.h for the error codes.
2018-07-15 07:37:38.019 plugin-container[22202:317546] *** CFMessagePort: bootstrap_register(): failed 1100 (0x44c) 'Permission denied', port = 0x703f, name = 'com.apple.tsm.portname'
See /usr/include/servers/bootstrap_defs.h for the error codes.
2018-07-15 07:37:38.082 plugin-container[22203:317587] *** CFMessagePort: bootstrap_register(): failed 1100 (0x44c) 'Permission denied', port = 0x8707, name = 'com.apple.tsm.portname'
See /usr/include/servers/bootstrap_defs.h for the error codes.
2018-07-15 07:37:40.300 plugin-container[22204:317946] *** CFMessagePort: bootstrap_register(): failed 1100 (0x44c) 'Permission denied', port = 0x8547, name = 'com.apple.tsm.portname'
See /usr/include/servers/bootstrap_defs.h for the error codes.
2018-07-15 07:37:40.693 plugin-container[22205:317957] *** CFMessagePort: bootstrap_register(): failed 1100 (0x44c) 'Permission denied', port = 0x8703, name = 'com.apple.tsm.portname'
See /usr/include/servers/bootstrap_defs.h for the error codes.
2018-07-15 07:37:40.860 plugin-container[22206:317959] *** CFMessagePort: bootstrap_register(): failed 1100 (0x44c) 'Permission denied', port = 0x8837, name = 'com.apple.tsm.portname'
See /usr/include/servers/bootstrap_defs.h for the error codes.
1531611460966	Marionette	INFO	Listening on port 55510
1531611461205	addons.xpi	WARN	Exception running bootstrap method shutdown on activity-stream@mozilla.org: [Exception... "Component returned failure code: 0x80070057 (NS_ERROR_ILLEGAL_VALUE) [nsINavHistoryService.removeObserver]"  nsresult: "0x80070057 (NS_ERROR_ILLEGAL_VALUE)"  location: "JS frame :: resource://activity-stream/lib/PlacesFeed.jsm :: removeObservers :: line 187"  data: no] Stack trace: removeObservers()@resource://activity-stream/lib/PlacesFeed.jsm:187
onAction()@resource://activity-stream/lib/PlacesFeed.jsm:254
_middleware/</<()@resource://activity-stream/lib/Store.jsm:49
Store/this[method]()@resource://activity-stream/lib/Store.jsm:28
uninit()@resource://activity-stream/lib/Store.jsm:151
uninit()@resource://activity-stream/lib/ActivityStream.jsm:300
uninit()@resource://gre/modules/addons/XPIProvider.jsm -> jar:file:///Applications/Firefox.app/Contents/Resources/browser/features/activity-stream@mozilla.org.xpi!/bootstrap.js:73
shutdown()@resource://gre/modules/addons/XPIProvider.jsm -> jar:file:///Applications/Firefox.app/Contents/Resources/browser/features/activity-stream@mozilla.org.xpi!/bootstrap.js:169
callBootstrapMethod()@resource://gre/modules/addons/XPIProvider.jsm:4436
observe()@resource://gre/modules/addons/XPIProvider.jsm:2287
1531611461365	Marionette	INFO	Listening on port 55523
1531611461389	Marionette	INFO	Listening on port 55529
1531611461624	Marionette	INFO	Listening on port 55507
2018-07-15 07:37:42.016 plugin-container[22207:317980] *** CFMessagePort: bootstrap_register(): failed 1100 (0x44c) 'Permission denied', port = 0x833b, name = 'com.apple.tsm.portname'
See /usr/include/servers/bootstrap_defs.h for the error codes.
1531611462026	Marionette	INFO	Listening on port 55521
2018-07-15 07:37:42.380 plugin-container[22208:318049] *** CFMessagePort: bootstrap_register(): failed 1100 (0x44c) 'Permission denied', port = 0x7a3f, name = 'com.apple.tsm.portname'
See /usr/include/servers/bootstrap_defs.h for the error codes.
1531611462665	Marionette	INFO	Listening on port 55504
1531611462815	addons.xpi	WARN	Exception running bootstrap method shutdown on activity-stream@mozilla.org: [Exception... "Component returned failure code: 0x80004005 (NS_ERROR_FAILURE) [nsIObserverService.removeObserver]"  nsresult: "0x80004005 (NS_ERROR_FAILURE)"  location: "JS frame :: resource://activity-stream/lib/SnippetsFeed.jsm :: uninit :: line 185"  data: no] Stack trace: uninit()@resource://activity-stream/lib/SnippetsFeed.jsm:185
onAction()@resource://activity-stream/lib/SnippetsFeed.jsm:201
_middleware/</<()@resource://activity-stream/lib/Store.jsm:49
Store/this[method]()@resource://activity-stream/lib/Store.jsm:28
uninit()@resource://activity-stream/lib/Store.jsm:151
uninit()@resource://activity-stream/lib/ActivityStream.jsm:300
uninit()@resource://gre/modules/addons/XPIProvider.jsm -> jar:file:///Applications/Firefox.app/Contents/Resources/browser/features/activity-stream@mozilla.org.xpi!/bootstrap.js:73
shutdown()@resource://gre/modules/addons/XPIProvider.jsm -> jar:file:///Applications/Firefox.app/Contents/Resources/browser/features/activity-stream@mozilla.org.xpi!/bootstrap.js:169
callBootstrapMethod()@resource://gre/modules/addons/XPIProvider.jsm:4436
observe()@resource://gre/modules/addons/XPIProvider.jsm:2287
2018-07-15 07:37:43.020 plugin-container[22210:318077] *** CFMessagePort: bootstrap_register(): failed 1100 (0x44c) 'Permission denied', port = 0x8a3f, name = 'com.apple.tsm.portname'
See /usr/include/servers/bootstrap_defs.h for the error codes.
1531611463353	Marionette	INFO	Listening on port 55525
2018-07-15 07:37:43.799 plugin-container[22209:318059] *** CFMessagePort: bootstrap_register(): failed 1100 (0x44c) 'Permission denied', port = 0x7c07, name = 'com.apple.tsm.portname'
See /usr/include/servers/bootstrap_defs.h for the error codes.
*** UTM:SVC TimerManager:registerTimer called after profile-before-change notification. Ignoring timer registration for id: telemetry_modules_ping
*** UTM:SVC TimerManager:registerTimer called after profile-before-change notification. Ignoring timer registration for id: telemetry_modules_ping
JavaScript error: resource://gre/modules/osfile/osfile_async_front.jsm, line 408: Error: OS.File has been shut down. Rejecting post to DirectoryIterator_prototype_close
JavaScript error: resource://gre/modules/ProfileAge.jsm, line 174: Error: Unable to fetch oldest profile entry: Error: OS.File has been shut down. Rejecting request to DirectoryIterator_prototype_next
JavaScript error: resource://gre/modules/osfile/osfile_async_front.jsm, line 408: Error: OS.File has been shut down. Rejecting post to DirectoryIterator_prototype_close
JavaScript error: resource://gre/modules/osfile/osfile_async_front.jsm, line 408: Error: OS.File has been shut down. Rejecting post to DirectoryIterator_prototype_close
JavaScript error: resource://gre/modules/ProfileAge.jsm, line 174: Error: Unable to fetch oldest profile entry: Error: OS.File has been shut down. Rejecting request to DirectoryIterator_prototype_next
JavaScript error: resource://gre/modules/osfile/osfile_async_front.jsm, line 408: Error: OS.File has been shut down. Rejecting post to DirectoryIterator_prototype_close
JavaScript error: resource://gre/modules/osfile/osfile_async_front.jsm, line 408: Error: OS.File has been shut down. Rejecting post to DirectoryIterator_prototype_close
JavaScript error: resource://gre/modules/osfile/osfile_async_front.jsm, line 408: Error: OS.File has been shut down. Rejecting post to DirectoryIterator_prototype_close
JavaScript error: resource://gre/modules/ProfileAge.jsm, line 174: Error: Unable to fetch oldest profile entry: Error: OS.File has been shut down. Rejecting request to DirectoryIterator_prototype_next
JavaScript error: resource://gre/modules/ProfileAge.jsm, line 174: Error: Unable to fetch oldest profile entry: Error: OS.File has been shut down. Rejecting post to DirectoryIterator_prototype_next

###!!! [Parent][RunMessage] Error: Channel closing: too late to send/recv, messages will be lost

2018-07-15 07:37:47.211 plugin-container[22213:318438] *** CFMessagePort: bootstrap_register(): failed 1100 (0x44c) 'Permission denied', port = 0x6d47, name = 'com.apple.tsm.portname'
See /usr/include/servers/bootstrap_defs.h for the error codes.
*** UTM:SVC TimerManager:registerTimer called after profile-before-change notification. Ignoring timer registration for id: telemetry_modules_ping
*** UTM:SVC TimerManager:registerTimer called after profile-before-change notification. Ignoring timer registration for id: telemetry_modules_ping
*** UTM:SVC TimerManager:registerTimer called after profile-before-change notification. Ignoring timer registration for id: telemetry_modules_ping
*** UTM:SVC TimerManager:registerTimer called after profile-before-change notification. Ignoring timer registration for id: telemetry_modules_ping
*** UTM:SVC TimerManager:registerTimer called after profile-before-change notification. Ignoring timer registration for id: telemetry_modules_ping
*** UTM:SVC TimerManager:registerTimer called after profile-before-change notification. Ignoring timer registration for id: telemetry_modules_ping
1531611562457	geckodriver	INFO	geckodriver 0.19.1
1531611562460	geckodriver	INFO	geckodriver 0.19.1
1531611562475	geckodriver	INFO	Listening on 127.0.0.1:55707
1531611562463	geckodriver	INFO	geckodriver 0.19.1
1531611562464	geckodriver	INFO	geckodriver 0.19.1
1531611562480	geckodriver	INFO	Listening on 127.0.0.1:55708
1531611562479	geckodriver	INFO	geckodriver 0.19.1
1531611562494	geckodriver	INFO	Listening on 127.0.0.1:55706
1531611562495	geckodriver	INFO	Listening on 127.0.0.1:55705
1531611562495	geckodriver	INFO	Listening on 127.0.0.1:55704
1531611562679	mozrunner::runner	INFO	Running command: "/Applications/Firefox.app/Contents/MacOS/firefox-bin" "-marionette" "-profile" "/var/folders/jp/s0fbpt254qs93ypz21xhvrsc0000gn/T/rust_mozprofile.KwnZS4tK3IEC"
1531611562721	mozrunner::runner	INFO	Running command: "/Applications/Firefox.app/Contents/MacOS/firefox-bin" "-marionette" "-profile" "/var/folders/jp/s0fbpt254qs93ypz21xhvrsc0000gn/T/rust_mozprofile.fvYXi30DCWWA"
1531611562731	mozrunner::runner	INFO	Running command: "/Applications/Firefox.app/Contents/MacOS/firefox-bin" "-marionette" "-profile" "/var/folders/jp/s0fbpt254qs93ypz21xhvrsc0000gn/T/rust_mozprofile.sDFW5h4l8YSU"
1531611562753	mozrunner::runner	INFO	Running command: "/Applications/Firefox.app/Contents/MacOS/firefox-bin" "-marionette" "-profile" "/var/folders/jp/s0fbpt254qs93ypz21xhvrsc0000gn/T/rust_mozprofile.IlOvU8wGQzgS"
1531611562763	mozrunner::runner	INFO	Running command: "/Applications/Firefox.app/Contents/MacOS/firefox-bin" "-marionette" "-profile" "/var/folders/jp/s0fbpt254qs93ypz21xhvrsc0000gn/T/rust_mozprofile.CMld5tZVgftW"
1531611563231	geckodriver	INFO	geckodriver 0.19.1
1531611563232	geckodriver	INFO	geckodriver 0.19.1
1531611563234	geckodriver	INFO	geckodriver 0.19.1
1531611563244	geckodriver	INFO	Listening on 127.0.0.1:55783
1531611563244	geckodriver	INFO	Listening on 127.0.0.1:55781
1531611563244	geckodriver	INFO	Listening on 127.0.0.1:55780
1531611595472	geckodriver	INFO	geckodriver 0.19.1
1531611595471	geckodriver	INFO	geckodriver 0.19.1
1531611595476	geckodriver	INFO	geckodriver 0.19.1
1531611595479	geckodriver	INFO	geckodriver 0.19.1
1531611595480	geckodriver	INFO	geckodriver 0.19.1
1531611595488	geckodriver	INFO	Listening on 127.0.0.1:55800
1531611595489	geckodriver	INFO	Listening on 127.0.0.1:55797
1531611595489	geckodriver	INFO	Listening on 127.0.0.1:55801
1531611595492	geckodriver	INFO	Listening on 127.0.0.1:55798
1531611595495	geckodriver	INFO	Listening on 127.0.0.1:55799
1531611595701	mozrunner::runner	INFO	Running command: "/Applications/Firefox.app/Contents/MacOS/firefox-bin" "-marionette" "-profile" "/var/folders/jp/s0fbpt254qs93ypz21xhvrsc0000gn/T/rust_mozprofile.eqIRayuBBcCn"
1531611595734	mozrunner::runner	INFO	Running command: "/Applications/Firefox.app/Contents/MacOS/firefox-bin" "-marionette" "-profile" "/var/folders/jp/s0fbpt254qs93ypz21xhvrsc0000gn/T/rust_mozprofile.yg3jpDFebRkJ"
1531611595736	mozrunner::runner	INFO	Running command: "/Applications/Firefox.app/Contents/MacOS/firefox-bin" "-marionette" "-profile" "/var/folders/jp/s0fbpt254qs93ypz21xhvrsc0000gn/T/rust_mozprofile.8nhTWttGxj8t"
1531611595751	mozrunner::runner	INFO	Running command: "/Applications/Firefox.app/Contents/MacOS/firefox-bin" "-marionette" "-profile" "/var/folders/jp/s0fbpt254qs93ypz21xhvrsc0000gn/T/rust_mozprofile.bkt5RVzl4o0n"
1531611595770	mozrunner::runner	INFO	Running command: "/Applications/Firefox.app/Contents/MacOS/firefox-bin" "-marionette" "-profile" "/var/folders/jp/s0fbpt254qs93ypz21xhvrsc0000gn/T/rust_mozprofile.5CRqsGVIXZRF"
2018-07-15 07:40:00.158 plugin-container[22378:321685] *** CFMessagePort: bootstrap_register(): failed 1100 (0x44c) 'Permission denied', port = 0x8d47, name = 'com.apple.tsm.portname'
See /usr/include/servers/bootstrap_defs.h for the error codes.
2018-07-15 07:40:00.216 plugin-container[22379:321687] *** CFMessagePort: bootstrap_register(): failed 1100 (0x44c) 'Permission denied', port = 0x6d47, name = 'com.apple.tsm.portname'
See /usr/include/servers/bootstrap_defs.h for the error codes.
2018-07-15 07:40:00.227 plugin-container[22380:321689] *** CFMessagePort: bootstrap_register(): failed 1100 (0x44c) 'Permission denied', port = 0x8c0b, name = 'com.apple.tsm.portname'
See /usr/include/servers/bootstrap_defs.h for the error codes.
2018-07-15 07:40:00.431 plugin-container[22381:321691] *** CFMessagePort: bootstrap_register(): failed 1100 (0x44c) 'Permission denied', port = 0x7347, name = 'com.apple.tsm.portname'
See /usr/include/servers/bootstrap_defs.h for the error codes.
2018-07-15 07:40:01.025 plugin-container[22382:321767] *** CFMessagePort: bootstrap_register(): failed 1100 (0x44c) 'Permission denied', port = 0x7807, name = 'com.apple.tsm.portname'
See /usr/include/servers/bootstrap_defs.h for the error codes.
2018-07-15 07:40:01.411 plugin-container[22383:321933] *** CFMessagePort: bootstrap_register(): failed 1100 (0x44c) 'Permission denied', port = 0x8b43, name = 'com.apple.tsm.portname'
See /usr/include/servers/bootstrap_defs.h for the error codes.
1531611602320	Marionette	INFO	Listening on port 55823
1531611602323	Marionette	INFO	Listening on port 55826
1531611602375	Marionette	INFO	Listening on port 55822
1531611602473	Marionette	WARN	TLS certificate errors will be ignored for this session
1531611602518	Marionette	INFO	Listening on port 55824
1531611602576	Marionette	WARN	TLS certificate errors will be ignored for this session
1531611602587	Marionette	WARN	TLS certificate errors will be ignored for this session
1531611602685	Marionette	WARN	TLS certificate errors will be ignored for this session
1531611602873	Marionette	INFO	Listening on port 55825
2018-07-15 07:40:03.062 plugin-container[22384:322049] *** CFMessagePort: bootstrap_register(): failed 1100 (0x44c) 'Permission denied', port = 0x7703, name = 'com.apple.tsm.portname'
See /usr/include/servers/bootstrap_defs.h for the error codes.
1531611603131	Marionette	WARN	TLS certificate errors will be ignored for this session
2018-07-15 07:40:03.295 plugin-container[22386:322070] *** CFMessagePort: bootstrap_register(): failed 1100 (0x44c) 'Permission denied', port = 0x7007, name = 'com.apple.tsm.portname'
See /usr/include/servers/bootstrap_defs.h for the error codes.
2018-07-15 07:40:03.306 plugin-container[22385:322062] *** CFMessagePort: bootstrap_register(): failed 1100 (0x44c) 'Permission denied', port = 0x7243, name = 'com.apple.tsm.portname'
See /usr/include/servers/bootstrap_defs.h for the error codes.
2018-07-15 07:40:04.049 plugin-container[22387:322139] *** CFMessagePort: bootstrap_register(): failed 1100 (0x44c) 'Permission denied', port = 0x8707, name = 'com.apple.tsm.portname'
See /usr/include/servers/bootstrap_defs.h for the error codes.
2018-07-15 07:40:26.013 plugin-container[22380:322470] NSNotificationCenter connection invalid
2018-07-15 07:40:29.780 plugin-container[22381:322644] NSNotificationCenter connection invalid
2018-07-15 07:40:33.758 plugin-container[22379:322525] NSNotificationCenter connection invalid
2018-07-15 07:40:47.068 plugin-container[22378:321695] NSNotificationCenter connection invalid
2018-07-15 07:40:49.515 plugin-container[22382:323010] NSNotificationCenter connection invalid
1531611656549	geckodriver	INFO	geckodriver 0.19.1
1531611656563	geckodriver	INFO	Listening on 127.0.0.1:57521
1531611657750	mozrunner::runner	INFO	Running command: "/Applications/Firefox.app/Contents/MacOS/firefox-bin" "-marionette" "-profile" "/var/folders/jp/s0fbpt254qs93ypz21xhvrsc0000gn/T/rust_mozprofile.S43GXVNAVYsP"
1531611659117	geckodriver	INFO	geckodriver 0.19.1
1531611659123	geckodriver	INFO	Listening on 127.0.0.1:57571
1531611660379	mozrunner::runner	INFO	Running command: "/Applications/Firefox.app/Contents/MacOS/firefox-bin" "-marionette" "-profile" "/var/folders/jp/s0fbpt254qs93ypz21xhvrsc0000gn/T/rust_mozprofile.zY5awVNTL1BQ"
1531611663203	geckodriver	INFO	geckodriver 0.19.1
1531611663663	geckodriver	INFO	Listening on 127.0.0.1:57649
2018-07-15 07:41:03.824 plugin-container[22427:323269] *** CFMessagePort: bootstrap_register(): failed 1100 (0x44c) 'Permission denied', port = 0x8a43, name = 'com.apple.tsm.portname'
See /usr/include/servers/bootstrap_defs.h for the error codes.
1531611665268	mozrunner::runner	INFO	Running command: "/Applications/Firefox.app/Contents/MacOS/firefox-bin" "-marionette" "-profile" "/var/folders/jp/s0fbpt254qs93ypz21xhvrsc0000gn/T/rust_mozprofile.tmqXzfGtyKz2"
1531611665422	geckodriver	INFO	geckodriver 0.19.1
1531611665547	geckodriver	INFO	geckodriver 0.19.1
1531611665571	geckodriver	INFO	Listening on 127.0.0.1:57718
1531611665575	geckodriver	INFO	Listening on 127.0.0.1:57719
1531611665579	geckodriver	INFO	geckodriver 0.19.1
1531611665596	geckodriver	INFO	Listening on 127.0.0.1:57721
1531611665612	geckodriver	INFO	geckodriver 0.19.1
1531611665632	geckodriver	INFO	Listening on 127.0.0.1:57723
[GFX1-]: Receive IPC close with reason=AbnormalShutdown
[Child 22381, Chrome_ChildThread] WARNING: pipe error: Broken pipe: file /builds/worker/workspace/build/src/ipc/chromium/src/chrome/common/ipc_channel_posix.cc, line 709
[Child 22380, Chrome_ChildThread] WARNING: pipe error: Broken pipe: file /builds/worker/workspace/build/src/ipc/chromium/src/chrome/common/ipc_channel_posix.cc, line 709
[GFX1-]: Receive IPC close with reason=AbnormalShutdown
[Child 22379, Chrome_ChildThread] WARNING: pipe error: Broken pipe: file /builds/worker/workspace/build/src/ipc/chromium/src/chrome/common/ipc_channel_posix.cc, line 709
[Child 22382, Chrome_ChildThread] WARNING: pipe error: Broken pipe: file /builds/worker/workspace/build/src/ipc/chromium/src/chrome/common/ipc_channel_posix.cc, line 709
[GFX1-]: Receive IPC close with reason=AbnormalShutdown
[Child 22378, Chrome_ChildThread] WARNING: pipe error: Broken pipe: file /builds/worker/workspace/build/src/ipc/chromium/src/chrome/common/ipc_channel_posix.cc, line 709
[GFX1-]: Receive IPC close with reason=AbnormalShutdown
1531611665966	mozrunner::runner	INFO	Running command: "/Applications/Firefox.app/Contents/MacOS/firefox-bin" "-marionette" "-profile" "/var/folders/jp/s0fbpt254qs93ypz21xhvrsc0000gn/T/rust_mozprofile.KwT4flQCMveM"
2018-07-15 07:41:08.415 plugin-container[22444:323891] *** CFMessagePort: bootstrap_register(): failed 1100 (0x44c) 'Permission denied', port = 0x7c43, name = 'com.apple.tsm.portname'
See /usr/include/servers/bootstrap_defs.h for the error codes.
2018-07-15 07:41:08.478 plugin-container[22445:323893] *** CFMessagePort: bootstrap_register(): failed 1100 (0x44c) 'Permission denied', port = 0x7343, name = 'com.apple.tsm.portname'
See /usr/include/servers/bootstrap_defs.h for the error codes.
2018-07-15 07:41:09.235 plugin-container[22446:324060] *** CFMessagePort: bootstrap_register(): failed 1100 (0x44c) 'Permission denied', port = 0x8803, name = 'com.apple.tsm.portname'
See /usr/include/servers/bootstrap_defs.h for the error codes.
1531611669314	Marionette	INFO	Listening on port 57702
1531611669412	Marionette	INFO	Listening on port 57733
2018-07-15 07:41:10.086 plugin-container[22447:324154] *** CFMessagePort: bootstrap_register(): failed 1100 (0x44c) 'Permission denied', port = 0x8203, name = 'com.apple.tsm.portname'
See /usr/include/servers/bootstrap_defs.h for the error codes.
1531611670331	addons.xpi	WARN	Exception running bootstrap method shutdown on activity-stream@mozilla.org: [Exception... "Component returned failure code: 0x80004005 (NS_ERROR_FAILURE) [nsIObserverService.removeObserver]"  nsresult: "0x80004005 (NS_ERROR_FAILURE)"  location: "JS frame :: resource://activity-stream/lib/SnippetsFeed.jsm :: uninit :: line 185"  data: no] Stack trace: uninit()@resource://activity-stream/lib/SnippetsFeed.jsm:185
onAction()@resource://activity-stream/lib/SnippetsFeed.jsm:201
_middleware/</<()@resource://activity-stream/lib/Store.jsm:49
Store/this[method]()@resource://activity-stream/lib/Store.jsm:28
uninit()@resource://activity-stream/lib/Store.jsm:151
uninit()@resource://activity-stream/lib/ActivityStream.jsm:300
uninit()@resource://gre/modules/addons/XPIProvider.jsm -> jar:file:///Applications/Firefox.app/Contents/Resources/browser/features/activity-stream@mozilla.org.xpi!/bootstrap.js:73
shutdown()@resource://gre/modules/addons/XPIProvider.jsm -> jar:file:///Applications/Firefox.app/Contents/Resources/browser/features/activity-stream@mozilla.org.xpi!/bootstrap.js:169
callBootstrapMethod()@resource://gre/modules/addons/XPIProvider.jsm:4436
observe()@resource://gre/modules/addons/XPIProvider.jsm:2287
*** UTM:SVC TimerManager:registerTimer called after profile-before-change notification. Ignoring timer registration for id: telemetry_modules_ping

###!!! [Parent][RunMessage] Error: Channel closing: too late to send/recv, messages will be lost

*** UTM:SVC TimerManager:registerTimer called after profile-before-change notification. Ignoring timer registration for id: telemetry_modules_ping

###!!! [Parent][RunMessage] Error: Channel closing: too late to send/recv, messages will be lost

